[logsAndroid_Pixel_7_Pro_API_31 DEBUG] 2023-10-11 14:00:40.638 BaseTest:98 - Log file path: logs\Android_Pixel_7_Pro_API_31
[logsAndroid_Pixel_7_Pro_API_31 DEBUG] 2023-10-11 14:00:57.551 BaseTest:129 - sessionId: 766df4d5-7400-457c-9d40-afd3a96f766c
[logsAndroid_Pixel_7_Pro_API_31 DEBUG] 2023-10-11 14:00:58.294 LoginTests:53 - ---------------------------------------------------
[logsAndroid_Pixel_7_Pro_API_31 DEBUG] 2023-10-11 14:00:58.294 LoginTests:54 - ******************* Test started: successfulLogin*******************
[logsAndroid_Pixel_7_Pro_API_31 DEBUG] 2023-10-11 14:01:30.115 LoginTests:62 - ******************* Test ended: successfulLogin*******************
[logsAndroid_Pixel_7_Pro_API_31 DEBUG] 2023-10-11 14:01:30.116 LoginTests:63 - ---------------------------------------------------
[logsAndroid_Pixel_7_Pro_API_31 DEBUG] 2023-10-11 14:01:31.360 LoginTests:53 - ---------------------------------------------------
[logsAndroid_Pixel_7_Pro_API_31 DEBUG] 2023-10-11 14:01:31.361 LoginTests:54 - ******************* Test started: successfulLogin*******************
[logsAndroid_Pixel_7_Pro_API_31 INFO ] 2023-10-11 14:01:43.698 BasePage:128 - Filling testi246.testi246@gmail.com in Username Textbox
[logsAndroid_Pixel_7_Pro_API_31 INFO ] 2023-10-11 14:01:43.758 BasePage:112 - Clearing: Username Textbox
[logsAndroid_Pixel_7_Pro_API_31 INFO ] 2023-10-11 14:01:45.668 BasePage:128 - Filling tT246246! in Password Textbox
[logsAndroid_Pixel_7_Pro_API_31 INFO ] 2023-10-11 14:01:45.725 BasePage:112 - Clearing: Password Textbox
[logsAndroid_Pixel_7_Pro_API_31 INFO ] 2023-10-11 14:01:47.658 BasePage:105 - Login button is clicked
[logsAndroid_Pixel_7_Pro_API_31 DEBUG] 2023-10-11 14:02:18.765 LoginTests:62 - ******************* Test ended: successfulLogin*******************
[logsAndroid_Pixel_7_Pro_API_31 DEBUG] 2023-10-11 14:02:18.765 LoginTests:63 - ---------------------------------------------------
[logsAndroid_Pixel_7_Pro_API_31 DEBUG] 2023-10-11 14:02:22.846 ProductTests:59 - ---------------------------------------------------
[logsAndroid_Pixel_7_Pro_API_31 DEBUG] 2023-10-11 14:02:22.847 ProductTests:60 - ******************* Test started: validateProductOnProductDetailsPage*******************
[logsAndroid_Pixel_7_Pro_API_31 INFO ] 2023-10-11 14:02:29.194 BasePage:105 - Login with email is clicked
[logsAndroid_Pixel_7_Pro_API_31 INFO ] 2023-10-11 14:02:30.421 BasePage:128 - Filling testi246.testi246@gmail.com in Username Textbox
[logsAndroid_Pixel_7_Pro_API_31 INFO ] 2023-10-11 14:02:30.486 BasePage:112 - Clearing: Username Textbox
[logsAndroid_Pixel_7_Pro_API_31 INFO ] 2023-10-11 14:02:32.401 BasePage:128 - Filling tT246246! in Password Textbox
[logsAndroid_Pixel_7_Pro_API_31 INFO ] 2023-10-11 14:02:32.451 BasePage:112 - Clearing: Password Textbox
[logsAndroid_Pixel_7_Pro_API_31 INFO ] 2023-10-11 14:02:34.421 BasePage:105 - Login button is clicked
[logsAndroid_Pixel_7_Pro_API_31 DEBUG] 2023-10-11 15:25:25.307 BaseTest:98 - Log file path: logs\Android_Pixel_7_Pro_API_31
[logsAndroid_Pixel_7_Pro_API_31 DEBUG] 2023-10-11 15:25:42.022 BaseTest:129 - sessionId: 1af483a4-40f6-4ecf-a3ac-986bdaa350ff
[logsAndroid_Pixel_7_Pro_API_31 DEBUG] 2023-10-11 15:25:43.021 HomeTests:59 - ---------------------------------------------------
[logsAndroid_Pixel_7_Pro_API_31 DEBUG] 2023-10-11 15:25:43.022 HomeTests:60 - ******************* Test started: validateProductCardScrollOnHomePage*******************
[logsAndroid_Pixel_7_Pro_API_31 DEBUG] 2023-10-11 15:25:44.131 HomeTests:69 - ******************* Test ended: validateProductCardScrollOnHomePage*******************
[logsAndroid_Pixel_7_Pro_API_31 DEBUG] 2023-10-11 15:25:44.132 HomeTests:70 - ---------------------------------------------------
[logsAndroid_Pixel_7_Pro_API_31 DEBUG] 2023-10-11 15:25:48.792 HomeTests:59 - ---------------------------------------------------
[logsAndroid_Pixel_7_Pro_API_31 DEBUG] 2023-10-11 15:25:48.793 HomeTests:60 - ******************* Test started: validateProductCardScrollOnHomePage*******************
[logsAndroid_Pixel_7_Pro_API_31 DEBUG] 2023-10-11 15:25:49.702 HomeTests:69 - ******************* Test ended: validateProductCardScrollOnHomePage*******************
[logsAndroid_Pixel_7_Pro_API_31 DEBUG] 2023-10-11 15:25:49.703 HomeTests:70 - ---------------------------------------------------
[logsAndroid_Pixel_7_Pro_API_31 DEBUG] 2023-10-11 15:25:54.019 LoginTests:53 - ---------------------------------------------------
[logsAndroid_Pixel_7_Pro_API_31 DEBUG] 2023-10-11 15:25:54.020 LoginTests:54 - ******************* Test started: successfulLogin*******************
[logsAndroid_Pixel_7_Pro_API_31 INFO ] 2023-10-11 15:25:59.497 BasePage:106 - Login with email is clicked
[logsAndroid_Pixel_7_Pro_API_31 INFO ] 2023-10-11 15:26:00.591 BasePage:129 - Filling testi246.testi246@gmail.com in Username Textbox
[logsAndroid_Pixel_7_Pro_API_31 INFO ] 2023-10-11 15:26:01.577 BasePage:113 - Clearing: Username Textbox
[logsAndroid_Pixel_7_Pro_API_31 INFO ] 2023-10-11 15:26:03.641 BasePage:129 - Filling tT246246! in Password Textbox
[logsAndroid_Pixel_7_Pro_API_31 INFO ] 2023-10-11 15:26:03.730 BasePage:113 - Clearing: Password Textbox
[logsAndroid_Pixel_7_Pro_API_31 INFO ] 2023-10-11 15:26:05.633 BasePage:106 - Login button is clicked
[logsAndroid_Pixel_7_Pro_API_31 INFO ] 2023-10-11 15:26:32.010 BasePage:161 - Attribute: text - value for Hello Testi246 Testi246! is - Hello Testi246 Testi246!
[logsAndroid_Pixel_7_Pro_API_31 DEBUG] 2023-10-11 15:26:32.215 LoginTests:62 - ******************* Test ended: successfulLogin*******************
[logsAndroid_Pixel_7_Pro_API_31 DEBUG] 2023-10-11 15:26:32.215 LoginTests:63 - ---------------------------------------------------
[logsAndroid_Pixel_7_Pro_API_31 DEBUG] 2023-10-11 15:26:36.021 BaseTest:170 - Appium Server stopped.............
[logsAndroid_Pixel_7_Pro_API_31 DEBUG] 2023-10-11 15:28:14.879 BaseTest:98 - Log file path: logs\Android_Pixel_7_Pro_API_31
[logsAndroid_Pixel_7_Pro_API_31 DEBUG] 2023-10-11 15:28:26.966 BaseTest:129 - sessionId: 7602570a-6d50-4df3-a1ed-d8d53e544460
[logsAndroid_Pixel_7_Pro_API_31 DEBUG] 2023-10-11 15:28:27.770 HomeTests:59 - ---------------------------------------------------
[logsAndroid_Pixel_7_Pro_API_31 DEBUG] 2023-10-11 15:28:27.771 HomeTests:60 - ******************* Test started: validateProductCardScrollOnHomePage*******************
[logsAndroid_Pixel_7_Pro_API_31 DEBUG] 2023-10-11 15:28:28.952 HomeTests:69 - ******************* Test ended: validateProductCardScrollOnHomePage*******************
[logsAndroid_Pixel_7_Pro_API_31 DEBUG] 2023-10-11 15:28:28.954 HomeTests:70 - ---------------------------------------------------
[logsAndroid_Pixel_7_Pro_API_31 DEBUG] 2023-10-11 15:28:34.241 HomeTests:59 - ---------------------------------------------------
[logsAndroid_Pixel_7_Pro_API_31 DEBUG] 2023-10-11 15:28:34.243 HomeTests:60 - ******************* Test started: validateProductCardScrollOnHomePage*******************
[logsAndroid_Pixel_7_Pro_API_31 DEBUG] 2023-10-11 15:28:35.774 HomeTests:69 - ******************* Test ended: validateProductCardScrollOnHomePage*******************
[logsAndroid_Pixel_7_Pro_API_31 DEBUG] 2023-10-11 15:28:35.776 HomeTests:70 - ---------------------------------------------------
[logsAndroid_Pixel_7_Pro_API_31 DEBUG] 2023-10-11 15:28:41.398 LoginTests:53 - ---------------------------------------------------
[logsAndroid_Pixel_7_Pro_API_31 DEBUG] 2023-10-11 15:28:41.400 LoginTests:54 - ******************* Test started: successfulLogin*******************
[logsAndroid_Pixel_7_Pro_API_31 INFO ] 2023-10-11 15:28:47.756 BasePage:106 - Login with email is clicked
[logsAndroid_Pixel_7_Pro_API_31 INFO ] 2023-10-11 15:28:48.644 BasePage:129 - Filling testi246.testi246@gmail.com in Username Textbox
[logsAndroid_Pixel_7_Pro_API_31 INFO ] 2023-10-11 15:28:49.323 BasePage:113 - Clearing: Username Textbox
[logsAndroid_Pixel_7_Pro_API_31 INFO ] 2023-10-11 15:28:51.316 BasePage:129 - Filling tT246246! in Password Textbox
[logsAndroid_Pixel_7_Pro_API_31 INFO ] 2023-10-11 15:28:51.415 BasePage:113 - Clearing: Password Textbox
[logsAndroid_Pixel_7_Pro_API_31 INFO ] 2023-10-11 15:28:53.358 BasePage:106 - Login button is clicked
[logsAndroid_Pixel_7_Pro_API_31 INFO ] 2023-10-11 15:29:04.964 BasePage:161 - Attribute: text - value for Hello Testi246 Testi246! is - Hello Testi246 Testi246!
[logsAndroid_Pixel_7_Pro_API_31 DEBUG] 2023-10-11 15:29:05.099 LoginTests:62 - ******************* Test ended: successfulLogin*******************
[logsAndroid_Pixel_7_Pro_API_31 DEBUG] 2023-10-11 15:29:05.099 LoginTests:63 - ---------------------------------------------------
[logsAndroid_Pixel_7_Pro_API_31 DEBUG] 2023-10-11 15:29:08.164 BaseTest:170 - Appium Server stopped.............
[logsAndroid_Pixel_7_Pro_API_31 DEBUG] 2023-10-11 15:30:04.886 BaseTest:98 - Log file path: logs\Android_Pixel_7_Pro_API_31
[logsAndroid_Pixel_7_Pro_API_31 DEBUG] 2023-10-11 15:30:15.097 BaseTest:129 - sessionId: eee8ee13-46bd-4c1d-a509-710e650857e1
[logsAndroid_Pixel_7_Pro_API_31 DEBUG] 2023-10-11 15:30:15.911 HomeTests:59 - ---------------------------------------------------
[logsAndroid_Pixel_7_Pro_API_31 DEBUG] 2023-10-11 15:30:15.911 HomeTests:60 - ******************* Test started: validateProductCardScrollOnHomePage*******************
[logsAndroid_Pixel_7_Pro_API_31 DEBUG] 2023-10-11 15:30:16.533 HomeTests:69 - ******************* Test ended: validateProductCardScrollOnHomePage*******************
[logsAndroid_Pixel_7_Pro_API_31 DEBUG] 2023-10-11 15:30:16.534 HomeTests:70 - ---------------------------------------------------
[logsAndroid_Pixel_7_Pro_API_31 DEBUG] 2023-10-11 15:30:18.039 HomeTests:59 - ---------------------------------------------------
[logsAndroid_Pixel_7_Pro_API_31 DEBUG] 2023-10-11 15:30:18.039 HomeTests:60 - ******************* Test started: validateProductCardScrollOnHomePage*******************
[logsAndroid_Pixel_7_Pro_API_31 DEBUG] 2023-10-11 15:30:18.555 HomeTests:69 - ******************* Test ended: validateProductCardScrollOnHomePage*******************
[logsAndroid_Pixel_7_Pro_API_31 DEBUG] 2023-10-11 15:30:18.556 HomeTests:70 - ---------------------------------------------------
[logsAndroid_Pixel_7_Pro_API_31 DEBUG] 2023-10-11 15:30:19.994 LoginTests:53 - ---------------------------------------------------
[logsAndroid_Pixel_7_Pro_API_31 DEBUG] 2023-10-11 15:30:19.995 LoginTests:54 - ******************* Test started: successfulLogin*******************
[logsAndroid_Pixel_7_Pro_API_31 INFO ] 2023-10-11 15:30:22.630 BasePage:106 - Login with email is clicked
[logsAndroid_Pixel_7_Pro_API_31 INFO ] 2023-10-11 15:30:23.547 BasePage:129 - Filling testi246.testi246@gmail.com in Username Textbox
[logsAndroid_Pixel_7_Pro_API_31 INFO ] 2023-10-11 15:30:23.631 BasePage:113 - Clearing: Username Textbox
[logsAndroid_Pixel_7_Pro_API_31 INFO ] 2023-10-11 15:30:25.612 BasePage:129 - Filling tT246246! in Password Textbox
[logsAndroid_Pixel_7_Pro_API_31 INFO ] 2023-10-11 15:30:25.681 BasePage:113 - Clearing: Password Textbox
[logsAndroid_Pixel_7_Pro_API_31 INFO ] 2023-10-11 15:30:27.631 BasePage:106 - Login button is clicked
[logsAndroid_Pixel_7_Pro_API_31 DEBUG] 2023-10-11 15:30:58.819 LoginTests:62 - ******************* Test ended: successfulLogin*******************
[logsAndroid_Pixel_7_Pro_API_31 DEBUG] 2023-10-11 15:30:58.821 LoginTests:63 - ---------------------------------------------------
[logsAndroid_Pixel_7_Pro_API_31 DEBUG] 2023-10-11 15:31:00.129 LoginTests:53 - ---------------------------------------------------
[logsAndroid_Pixel_7_Pro_API_31 DEBUG] 2023-10-11 15:31:00.130 LoginTests:54 - ******************* Test started: successfulLogin*******************
[logsAndroid_Pixel_7_Pro_API_31 DEBUG] 2023-10-11 15:58:23.011 BaseTest:98 - Log file path: logs\Android_Pixel_7_Pro_API_31
[logsAndroid_Pixel_7_Pro_API_31 DEBUG] 2023-10-11 15:58:35.810 BaseTest:129 - sessionId: 8e97f59c-abf5-46ed-a8a3-f02f8d22dc65
[logsAndroid_Pixel_7_Pro_API_31 DEBUG] 2023-10-11 15:58:36.691 HomeTests:59 - ---------------------------------------------------
[logsAndroid_Pixel_7_Pro_API_31 DEBUG] 2023-10-11 15:58:36.691 HomeTests:60 - ******************* Test started: validateProductCardScrollOnHomePage*******************
[logsAndroid_Pixel_7_Pro_API_31 DEBUG] 2023-10-11 15:58:37.580 HomeTests:69 - ******************* Test ended: validateProductCardScrollOnHomePage*******************
[logsAndroid_Pixel_7_Pro_API_31 DEBUG] 2023-10-11 15:58:37.580 HomeTests:70 - ---------------------------------------------------
[logsAndroid_Pixel_7_Pro_API_31 DEBUG] 2023-10-11 15:58:38.977 HomeTests:59 - ---------------------------------------------------
[logsAndroid_Pixel_7_Pro_API_31 DEBUG] 2023-10-11 15:58:38.979 HomeTests:60 - ******************* Test started: validateProductCardScrollOnHomePage*******************
[logsAndroid_Pixel_7_Pro_API_31 DEBUG] 2023-10-11 15:58:39.612 HomeTests:69 - ******************* Test ended: validateProductCardScrollOnHomePage*******************
[logsAndroid_Pixel_7_Pro_API_31 DEBUG] 2023-10-11 15:58:39.613 HomeTests:70 - ---------------------------------------------------
[logsAndroid_Pixel_7_Pro_API_31 DEBUG] 2023-10-11 15:58:41.090 LoginTests:53 - ---------------------------------------------------
[logsAndroid_Pixel_7_Pro_API_31 DEBUG] 2023-10-11 15:58:41.090 LoginTests:54 - ******************* Test started: successfulLogin*******************
[logsAndroid_Pixel_7_Pro_API_31 DEBUG] 2023-10-11 16:00:05.395 BaseTest:98 - Log file path: logs\Android_Pixel_7_Pro_API_31
[logsAndroid_Pixel_7_Pro_API_31 DEBUG] 2023-10-11 16:00:15.831 BaseTest:129 - sessionId: f4a098b3-4fe6-4580-8361-839416ce2352
[logsAndroid_Pixel_7_Pro_API_31 DEBUG] 2023-10-11 16:00:16.516 HomeTests:59 - ---------------------------------------------------
[logsAndroid_Pixel_7_Pro_API_31 DEBUG] 2023-10-11 16:00:16.516 HomeTests:60 - ******************* Test started: validateProductCardScrollOnHomePage*******************
[logsAndroid_Pixel_7_Pro_API_31 DEBUG] 2023-10-11 16:00:17.204 HomeTests:68 - ******************* Test ended: validateProductCardScrollOnHomePage*******************
[logsAndroid_Pixel_7_Pro_API_31 DEBUG] 2023-10-11 16:00:17.205 HomeTests:69 - ---------------------------------------------------
[logsAndroid_Pixel_7_Pro_API_31 DEBUG] 2023-10-11 16:00:18.736 HomeTests:59 - ---------------------------------------------------
[logsAndroid_Pixel_7_Pro_API_31 DEBUG] 2023-10-11 16:00:18.737 HomeTests:60 - ******************* Test started: validateProductCardScrollOnHomePage*******************
[logsAndroid_Pixel_7_Pro_API_31 DEBUG] 2023-10-11 16:00:19.689 HomeTests:68 - ******************* Test ended: validateProductCardScrollOnHomePage*******************
[logsAndroid_Pixel_7_Pro_API_31 DEBUG] 2023-10-11 16:00:19.690 HomeTests:69 - ---------------------------------------------------
[logsAndroid_Pixel_7_Pro_API_31 DEBUG] 2023-10-11 16:00:21.014 LoginTests:53 - ---------------------------------------------------
[logsAndroid_Pixel_7_Pro_API_31 DEBUG] 2023-10-11 16:00:21.014 LoginTests:54 - ******************* Test started: successfulLogin*******************
[logsAndroid_Pixel_7_Pro_API_31 INFO ] 2023-10-11 16:00:22.803 BasePage:106 - Login with email is clicked
[logsAndroid_Pixel_7_Pro_API_31 INFO ] 2023-10-11 16:00:23.725 BasePage:129 - Filling testi246.testi246@gmail.com in Username Textbox
[logsAndroid_Pixel_7_Pro_API_31 DEBUG] 2023-10-11 16:09:27.146 BaseTest:98 - Log file path: logs\Android_Pixel_7_Pro_API_31
[logsAndroid_Pixel_7_Pro_API_31 DEBUG] 2023-10-11 16:09:38.562 BaseTest:129 - sessionId: f04a4446-18a4-4093-9326-ae62c8f93fb3
[logsAndroid_Pixel_7_Pro_API_31 DEBUG] 2023-10-11 16:09:39.209 LoginTests:53 - ---------------------------------------------------
[logsAndroid_Pixel_7_Pro_API_31 DEBUG] 2023-10-11 16:09:39.209 LoginTests:54 - ******************* Test started: successfulLogin*******************
[logsAndroid_Pixel_7_Pro_API_31 INFO ] 2023-10-11 16:09:45.439 BasePage:106 - Login with email is clicked
[logsAndroid_Pixel_7_Pro_API_31 INFO ] 2023-10-11 16:09:46.594 BasePage:129 - Filling testi246.testi246@gmail.com in Username Textbox
[logsAndroid_Pixel_7_Pro_API_31 INFO ] 2023-10-11 16:09:46.682 BasePage:113 - Clearing: Username Textbox
[logsAndroid_Pixel_7_Pro_API_31 INFO ] 2023-10-11 16:09:48.584 BasePage:129 - Filling tT246246! in Password Textbox
[logsAndroid_Pixel_7_Pro_API_31 INFO ] 2023-10-11 16:09:48.658 BasePage:113 - Clearing: Password Textbox
[logsAndroid_Pixel_7_Pro_API_31 INFO ] 2023-10-11 16:09:50.586 BasePage:106 - Login button is clicked
[logsAndroid_Pixel_7_Pro_API_31 DEBUG] 2023-10-11 16:10:22.385 LoginTests:62 - ******************* Test ended: successfulLogin*******************
[logsAndroid_Pixel_7_Pro_API_31 DEBUG] 2023-10-11 16:10:22.386 LoginTests:63 - ---------------------------------------------------
[logsAndroid_Pixel_7_Pro_API_31 DEBUG] 2023-10-11 16:10:24.327 LoginTests:53 - ---------------------------------------------------
[logsAndroid_Pixel_7_Pro_API_31 DEBUG] 2023-10-11 16:10:24.328 LoginTests:54 - ******************* Test started: successfulLogin*******************
[logsAndroid_Pixel_7_Pro_API_31 DEBUG] 2023-10-11 16:11:04.667 BaseTest:98 - Log file path: logs\Android_Pixel_7_Pro_API_31
[logsAndroid_Pixel_7_Pro_API_31 DEBUG] 2023-10-11 16:11:16.737 BaseTest:129 - sessionId: 4c86d1f4-f1b4-4f5b-86a3-21cb63f844a9
[logsAndroid_Pixel_7_Pro_API_31 DEBUG] 2023-10-11 16:11:17.483 LoginTests:53 - ---------------------------------------------------
[logsAndroid_Pixel_7_Pro_API_31 DEBUG] 2023-10-11 16:11:17.483 LoginTests:54 - ******************* Test started: successfulLogin*******************
[logsAndroid_Pixel_7_Pro_API_31 INFO ] 2023-10-11 16:11:23.608 BasePage:106 - Login with email is clicked
[logsAndroid_Pixel_7_Pro_API_31 INFO ] 2023-10-11 16:11:24.582 BasePage:129 - Filling testi246.testi246@gmail.com in Username Textbox
[logsAndroid_Pixel_7_Pro_API_31 INFO ] 2023-10-11 16:11:24.667 BasePage:113 - Clearing: Username Textbox
[logsAndroid_Pixel_7_Pro_API_31 INFO ] 2023-10-11 16:11:26.630 BasePage:129 - Filling tT246246! in Password Textbox
[logsAndroid_Pixel_7_Pro_API_31 INFO ] 2023-10-11 16:11:26.691 BasePage:113 - Clearing: Password Textbox
[logsAndroid_Pixel_7_Pro_API_31 INFO ] 2023-10-11 16:11:28.642 BasePage:106 - Login button is clicked
[logsAndroid_Pixel_7_Pro_API_31 DEBUG] 2023-10-11 16:11:28.744 LoginTests:62 - ******************* Test ended: successfulLogin*******************
[logsAndroid_Pixel_7_Pro_API_31 DEBUG] 2023-10-11 16:11:28.744 LoginTests:63 - ---------------------------------------------------
[logsAndroid_Pixel_7_Pro_API_31 DEBUG] 2023-10-11 16:11:32.447 HomeTests:59 - ---------------------------------------------------
[logsAndroid_Pixel_7_Pro_API_31 DEBUG] 2023-10-11 16:11:32.448 HomeTests:60 - ******************* Test started: validateProductCardScrollOnHomePage*******************
[logsAndroid_Pixel_7_Pro_API_31 DEBUG] 2023-10-11 16:11:32.940 HomeTests:68 - ******************* Test ended: validateProductCardScrollOnHomePage*******************
[logsAndroid_Pixel_7_Pro_API_31 DEBUG] 2023-10-11 16:11:32.943 HomeTests:69 - ---------------------------------------------------
[logsAndroid_Pixel_7_Pro_API_31 DEBUG] 2023-10-11 16:11:34.340 HomeTests:59 - ---------------------------------------------------
[logsAndroid_Pixel_7_Pro_API_31 DEBUG] 2023-10-11 16:11:34.341 HomeTests:60 - ******************* Test started: validateProductCardScrollOnHomePage*******************
[logsAndroid_Pixel_7_Pro_API_31 DEBUG] 2023-10-11 16:11:34.820 HomeTests:68 - ******************* Test ended: validateProductCardScrollOnHomePage*******************
[logsAndroid_Pixel_7_Pro_API_31 DEBUG] 2023-10-11 16:11:34.821 HomeTests:69 - ---------------------------------------------------
[logsAndroid_Pixel_7_Pro_API_31 DEBUG] 2023-10-11 16:11:36.136 BaseTest:170 - Appium Server stopped.............
[logsAndroid_Pixel_7_Pro_API_31 DEBUG] 2023-10-11 16:12:05.326 BaseTest:98 - Log file path: logs\Android_Pixel_7_Pro_API_31
[logsAndroid_Pixel_7_Pro_API_31 DEBUG] 2023-10-11 16:12:15.023 BaseTest:129 - sessionId: 8276400c-39ac-4408-af93-0f10200d0904
[logsAndroid_Pixel_7_Pro_API_31 DEBUG] 2023-10-11 16:12:15.656 LoginTests:53 - ---------------------------------------------------
[logsAndroid_Pixel_7_Pro_API_31 DEBUG] 2023-10-11 16:12:15.657 LoginTests:54 - ******************* Test started: successfulLogin*******************
[logsAndroid_Pixel_7_Pro_API_31 INFO ] 2023-10-11 16:12:21.859 BasePage:106 - Login with email is clicked
[logsAndroid_Pixel_7_Pro_API_31 INFO ] 2023-10-11 16:12:22.856 BasePage:129 - Filling testi246.testi246@gmail.com in Username Textbox
[logsAndroid_Pixel_7_Pro_API_31 INFO ] 2023-10-11 16:12:22.977 BasePage:113 - Clearing: Username Textbox
[logsAndroid_Pixel_7_Pro_API_31 INFO ] 2023-10-11 16:12:24.893 BasePage:129 - Filling tT246246! in Password Textbox
[logsAndroid_Pixel_7_Pro_API_31 INFO ] 2023-10-11 16:12:24.975 BasePage:113 - Clearing: Password Textbox
[logsAndroid_Pixel_7_Pro_API_31 INFO ] 2023-10-11 16:12:26.916 BasePage:106 - Login button is clicked
[logsAndroid_Pixel_7_Pro_API_31 DEBUG] 2023-10-11 16:12:27.031 LoginTests:62 - ******************* Test ended: successfulLogin*******************
[logsAndroid_Pixel_7_Pro_API_31 DEBUG] 2023-10-11 16:12:27.033 LoginTests:63 - ---------------------------------------------------
[logsAndroid_Pixel_7_Pro_API_31 DEBUG] 2023-10-11 16:12:28.593 HomeTests:59 - ---------------------------------------------------
[logsAndroid_Pixel_7_Pro_API_31 DEBUG] 2023-10-11 16:12:28.594 HomeTests:60 - ******************* Test started: validateProductCardScrollOnHomePage*******************
[logsAndroid_Pixel_7_Pro_API_31 DEBUG] 2023-10-11 16:12:29.460 HomeTests:68 - ******************* Test ended: validateProductCardScrollOnHomePage*******************
[logsAndroid_Pixel_7_Pro_API_31 DEBUG] 2023-10-11 16:12:29.460 HomeTests:69 - ---------------------------------------------------
[logsAndroid_Pixel_7_Pro_API_31 DEBUG] 2023-10-11 16:12:31.048 HomeTests:59 - ---------------------------------------------------
[logsAndroid_Pixel_7_Pro_API_31 DEBUG] 2023-10-11 16:12:31.049 HomeTests:60 - ******************* Test started: validateProductCardScrollOnHomePage*******************
[logsAndroid_Pixel_7_Pro_API_31 DEBUG] 2023-10-11 16:12:31.726 HomeTests:68 - ******************* Test ended: validateProductCardScrollOnHomePage*******************
[logsAndroid_Pixel_7_Pro_API_31 DEBUG] 2023-10-11 16:12:31.726 HomeTests:69 - ---------------------------------------------------
[logsAndroid_Pixel_7_Pro_API_31 DEBUG] 2023-10-11 16:12:33.208 BaseTest:170 - Appium Server stopped.............
[logsAndroid_Pixel_7_Pro_API_31 DEBUG] 2023-10-11 16:18:11.945 BaseTest:98 - Log file path: logs\Android_Pixel_7_Pro_API_31
[logsAndroid_Pixel_7_Pro_API_31 DEBUG] 2023-10-11 16:18:26.610 BaseTest:129 - sessionId: 103bd4a7-a6d7-4c7a-98aa-24d0cf0a364e
[logsAndroid_Pixel_7_Pro_API_31 DEBUG] 2023-10-11 16:18:27.457 LoginTests:53 - ---------------------------------------------------
[logsAndroid_Pixel_7_Pro_API_31 DEBUG] 2023-10-11 16:18:27.457 LoginTests:54 - ******************* Test started: successfulLogin*******************
[logsAndroid_Pixel_7_Pro_API_31 INFO ] 2023-10-11 16:18:34.126 BasePage:106 - Login with email is clicked
[logsAndroid_Pixel_7_Pro_API_31 INFO ] 2023-10-11 16:18:35.434 BasePage:129 - Filling testi246.testi246@gmail.com in Username Textbox
[logsAndroid_Pixel_7_Pro_API_31 INFO ] 2023-10-11 16:18:35.507 BasePage:113 - Clearing: Username Textbox
[logsAndroid_Pixel_7_Pro_API_31 INFO ] 2023-10-11 16:18:37.416 BasePage:129 - Filling tT246246! in Password Textbox
[logsAndroid_Pixel_7_Pro_API_31 INFO ] 2023-10-11 16:18:37.493 BasePage:113 - Clearing: Password Textbox
[logsAndroid_Pixel_7_Pro_API_31 INFO ] 2023-10-11 16:18:39.430 BasePage:106 - Login button is clicked
[logsAndroid_Pixel_7_Pro_API_31 DEBUG] 2023-10-11 16:18:39.564 LoginTests:62 - ******************* Test ended: successfulLogin*******************
[logsAndroid_Pixel_7_Pro_API_31 DEBUG] 2023-10-11 16:18:39.565 LoginTests:63 - ---------------------------------------------------
[logsAndroid_Pixel_7_Pro_API_31 DEBUG] 2023-10-11 16:18:41.289 HomeTests:59 - ---------------------------------------------------
[logsAndroid_Pixel_7_Pro_API_31 DEBUG] 2023-10-11 16:18:41.289 HomeTests:60 - ******************* Test started: validateProductCardScrollOnHomePage*******************
[logsAndroid_Pixel_7_Pro_API_31 DEBUG] 2023-10-11 16:18:42.804 HomeTests:68 - ******************* Test ended: validateProductCardScrollOnHomePage*******************
[logsAndroid_Pixel_7_Pro_API_31 DEBUG] 2023-10-11 16:18:42.804 HomeTests:69 - ---------------------------------------------------
[logsAndroid_Pixel_7_Pro_API_31 DEBUG] 2023-10-11 16:18:44.833 HomeTests:59 - ---------------------------------------------------
[logsAndroid_Pixel_7_Pro_API_31 DEBUG] 2023-10-11 16:18:44.834 HomeTests:60 - ******************* Test started: validateProductCardScrollOnHomePage*******************
[logsAndroid_Pixel_7_Pro_API_31 DEBUG] 2023-10-11 16:18:45.606 HomeTests:68 - ******************* Test ended: validateProductCardScrollOnHomePage*******************
[logsAndroid_Pixel_7_Pro_API_31 DEBUG] 2023-10-11 16:18:45.607 HomeTests:69 - ---------------------------------------------------
[logsAndroid_Pixel_7_Pro_API_31 DEBUG] 2023-10-11 16:18:47.133 BaseTest:170 - Appium Server stopped.............
[logsAndroid_Pixel_7_Pro_API_31 DEBUG] 2023-10-11 16:20:13.362 BaseTest:98 - Log file path: logs\Android_Pixel_7_Pro_API_31
[logsAndroid_Pixel_7_Pro_API_31 DEBUG] 2023-10-11 16:20:24.416 BaseTest:129 - sessionId: 9b8ab27f-d2f9-454c-be76-2535caf7452e
[logsAndroid_Pixel_7_Pro_API_31 DEBUG] 2023-10-11 16:20:25.138 LoginTests:53 - ---------------------------------------------------
[logsAndroid_Pixel_7_Pro_API_31 DEBUG] 2023-10-11 16:20:25.139 LoginTests:54 - ******************* Test started: successfulLogin*******************
[logsAndroid_Pixel_7_Pro_API_31 INFO ] 2023-10-11 16:20:32.059 BasePage:106 - Login with email is clicked
[logsAndroid_Pixel_7_Pro_API_31 INFO ] 2023-10-11 16:20:33.323 BasePage:129 - Filling testi246.testi246@gmail.com in Username Textbox
[logsAndroid_Pixel_7_Pro_API_31 INFO ] 2023-10-11 16:20:33.405 BasePage:113 - Clearing: Username Textbox
[logsAndroid_Pixel_7_Pro_API_31 INFO ] 2023-10-11 16:20:35.377 BasePage:129 - Filling tT246246! in Password Textbox
[logsAndroid_Pixel_7_Pro_API_31 INFO ] 2023-10-11 16:20:35.446 BasePage:113 - Clearing: Password Textbox
[logsAndroid_Pixel_7_Pro_API_31 INFO ] 2023-10-11 16:20:37.385 BasePage:106 - Login button is clicked
[logsAndroid_Pixel_7_Pro_API_31 DEBUG] 2023-10-11 16:20:37.495 LoginTests:62 - ******************* Test ended: successfulLogin*******************
[logsAndroid_Pixel_7_Pro_API_31 DEBUG] 2023-10-11 16:20:37.496 LoginTests:63 - ---------------------------------------------------
[logsAndroid_Pixel_7_Pro_API_31 DEBUG] 2023-10-11 16:20:38.995 HomeTests:59 - ---------------------------------------------------
[logsAndroid_Pixel_7_Pro_API_31 DEBUG] 2023-10-11 16:20:38.996 HomeTests:60 - ******************* Test started: validateProductCardScrollOnHomePage*******************
[logsAndroid_Pixel_7_Pro_API_31 DEBUG] 2023-10-11 16:20:40.122 HomeTests:68 - ******************* Test ended: validateProductCardScrollOnHomePage*******************
[logsAndroid_Pixel_7_Pro_API_31 DEBUG] 2023-10-11 16:20:40.123 HomeTests:69 - ---------------------------------------------------
[logsAndroid_Pixel_7_Pro_API_31 DEBUG] 2023-10-11 16:20:41.559 HomeTests:59 - ---------------------------------------------------
[logsAndroid_Pixel_7_Pro_API_31 DEBUG] 2023-10-11 16:20:41.559 HomeTests:60 - ******************* Test started: validateProductCardScrollOnHomePage*******************
[logsAndroid_Pixel_7_Pro_API_31 DEBUG] 2023-10-11 16:20:42.095 HomeTests:68 - ******************* Test ended: validateProductCardScrollOnHomePage*******************
[logsAndroid_Pixel_7_Pro_API_31 DEBUG] 2023-10-11 16:20:42.096 HomeTests:69 - ---------------------------------------------------
[logsAndroid_Pixel_7_Pro_API_31 DEBUG] 2023-10-11 16:20:43.378 BaseTest:170 - Appium Server stopped.............
[logsAndroid_Pixel_7_Pro_API_31 DEBUG] 2023-10-11 16:22:32.564 BaseTest:98 - Log file path: logs\Android_Pixel_7_Pro_API_31
[logsAndroid_Pixel_7_Pro_API_31 DEBUG] 2023-10-11 16:22:42.155 BaseTest:129 - sessionId: 863758e7-d6f3-452e-a19e-533c74180725
[logsAndroid_Pixel_7_Pro_API_31 DEBUG] 2023-10-11 16:22:42.829 LoginTests:53 - ---------------------------------------------------
[logsAndroid_Pixel_7_Pro_API_31 DEBUG] 2023-10-11 16:22:42.831 LoginTests:54 - ******************* Test started: successfulLogin*******************
[logsAndroid_Pixel_7_Pro_API_31 INFO ] 2023-10-11 16:22:49.067 BasePage:106 - Login with email is clicked
[logsAndroid_Pixel_7_Pro_API_31 INFO ] 2023-10-11 16:22:50.232 BasePage:129 - Filling testi246.testi246@gmail.com in Username Textbox
[logsAndroid_Pixel_7_Pro_API_31 INFO ] 2023-10-11 16:22:50.303 BasePage:113 - Clearing: Username Textbox
[logsAndroid_Pixel_7_Pro_API_31 INFO ] 2023-10-11 16:22:52.280 BasePage:129 - Filling tT246246! in Password Textbox
[logsAndroid_Pixel_7_Pro_API_31 INFO ] 2023-10-11 16:22:52.350 BasePage:113 - Clearing: Password Textbox
[logsAndroid_Pixel_7_Pro_API_31 INFO ] 2023-10-11 16:22:54.286 BasePage:106 - Login button is clicked
[logsAndroid_Pixel_7_Pro_API_31 DEBUG] 2023-10-11 16:22:54.398 LoginTests:62 - ******************* Test ended: successfulLogin*******************
[logsAndroid_Pixel_7_Pro_API_31 DEBUG] 2023-10-11 16:22:54.398 LoginTests:63 - ---------------------------------------------------
[logsAndroid_Pixel_7_Pro_API_31 DEBUG] 2023-10-11 16:22:55.926 HomeTests:59 - ---------------------------------------------------
[logsAndroid_Pixel_7_Pro_API_31 DEBUG] 2023-10-11 16:22:55.927 HomeTests:60 - ******************* Test started: validateProductCardScrollOnHomePage*******************
[logsAndroid_Pixel_7_Pro_API_31 INFO ] 2023-10-11 16:22:57.892 BasePage:106 - Popup Close Icon is clicked
[logsAndroid_Pixel_7_Pro_API_31 DEBUG] 2023-10-11 16:22:59.248 HomeTests:69 - ******************* Test ended: validateProductCardScrollOnHomePage*******************
[logsAndroid_Pixel_7_Pro_API_31 DEBUG] 2023-10-11 16:22:59.249 HomeTests:70 - ---------------------------------------------------
[logsAndroid_Pixel_7_Pro_API_31 DEBUG] 2023-10-11 16:23:00.730 HomeTests:59 - ---------------------------------------------------
[logsAndroid_Pixel_7_Pro_API_31 DEBUG] 2023-10-11 16:23:00.730 HomeTests:60 - ******************* Test started: validateProductCardScrollOnHomePage*******************
[logsAndroid_Pixel_7_Pro_API_31 INFO ] 2023-10-11 16:23:01.461 BasePage:106 - Popup Close Icon is clicked
[logsAndroid_Pixel_7_Pro_API_31 DEBUG] 2023-10-11 16:23:05.625 HomeTests:69 - ******************* Test ended: validateProductCardScrollOnHomePage*******************
[logsAndroid_Pixel_7_Pro_API_31 DEBUG] 2023-10-11 16:23:05.626 HomeTests:70 - ---------------------------------------------------
[logsAndroid_Pixel_7_Pro_API_31 DEBUG] 2023-10-11 16:23:06.160 BaseTest:170 - Appium Server stopped.............
[logsAndroid_Pixel_7_Pro_API_31 DEBUG] 2023-10-11 16:24:04.277 BaseTest:98 - Log file path: logs\Android_Pixel_7_Pro_API_31
[logsAndroid_Pixel_7_Pro_API_31 DEBUG] 2023-10-11 16:24:14.207 BaseTest:129 - sessionId: 3265d144-0f12-42d5-962d-2d4545396b64
[logsAndroid_Pixel_7_Pro_API_31 DEBUG] 2023-10-11 16:24:14.846 LoginTests:53 - ---------------------------------------------------
[logsAndroid_Pixel_7_Pro_API_31 DEBUG] 2023-10-11 16:24:14.846 LoginTests:54 - ******************* Test started: successfulLogin*******************
[logsAndroid_Pixel_7_Pro_API_31 INFO ] 2023-10-11 16:24:20.994 BasePage:106 - Login with email is clicked
[logsAndroid_Pixel_7_Pro_API_31 INFO ] 2023-10-11 16:24:22.028 BasePage:129 - Filling testi246.testi246@gmail.com in Username Textbox
[logsAndroid_Pixel_7_Pro_API_31 INFO ] 2023-10-11 16:24:22.126 BasePage:113 - Clearing: Username Textbox
[logsAndroid_Pixel_7_Pro_API_31 INFO ] 2023-10-11 16:24:24.078 BasePage:129 - Filling tT246246! in Password Textbox
[logsAndroid_Pixel_7_Pro_API_31 INFO ] 2023-10-11 16:24:24.254 BasePage:113 - Clearing: Password Textbox
[logsAndroid_Pixel_7_Pro_API_31 INFO ] 2023-10-11 16:24:26.102 BasePage:106 - Login button is clicked
[logsAndroid_Pixel_7_Pro_API_31 DEBUG] 2023-10-11 16:24:26.227 LoginTests:62 - ******************* Test ended: successfulLogin*******************
[logsAndroid_Pixel_7_Pro_API_31 DEBUG] 2023-10-11 16:24:26.227 LoginTests:63 - ---------------------------------------------------
[logsAndroid_Pixel_7_Pro_API_31 DEBUG] 2023-10-11 16:24:27.917 HomeTests:59 - ---------------------------------------------------
[logsAndroid_Pixel_7_Pro_API_31 DEBUG] 2023-10-11 16:24:27.919 HomeTests:60 - ******************* Test started: validateProductCardScrollOnHomePage*******************
[logsAndroid_Pixel_7_Pro_API_31 DEBUG] 2023-10-11 16:24:47.872 BaseTest:98 - Log file path: logs\Android_Pixel_7_Pro_API_31
[logsAndroid_Pixel_7_Pro_API_31 DEBUG] 2023-10-11 16:25:00.309 BaseTest:129 - sessionId: ec9989cf-6760-4872-a28d-6e8c86a3e635
[logsAndroid_Pixel_7_Pro_API_31 DEBUG] 2023-10-11 16:25:00.999 LoginTests:53 - ---------------------------------------------------
[logsAndroid_Pixel_7_Pro_API_31 DEBUG] 2023-10-11 16:25:01.001 LoginTests:54 - ******************* Test started: successfulLogin*******************
[logsAndroid_Pixel_7_Pro_API_31 INFO ] 2023-10-11 16:25:07.056 BasePage:106 - Login with email is clicked
[logsAndroid_Pixel_7_Pro_API_31 INFO ] 2023-10-11 16:25:08.095 BasePage:129 - Filling testi246.testi246@gmail.com in Username Textbox
[logsAndroid_Pixel_7_Pro_API_31 INFO ] 2023-10-11 16:25:08.220 BasePage:113 - Clearing: Username Textbox
[logsAndroid_Pixel_7_Pro_API_31 INFO ] 2023-10-11 16:25:10.137 BasePage:129 - Filling tT246246! in Password Textbox
[logsAndroid_Pixel_7_Pro_API_31 INFO ] 2023-10-11 16:25:10.205 BasePage:113 - Clearing: Password Textbox
[logsAndroid_Pixel_7_Pro_API_31 INFO ] 2023-10-11 16:25:12.164 BasePage:106 - Login button is clicked
[logsAndroid_Pixel_7_Pro_API_31 DEBUG] 2023-10-11 16:25:12.296 LoginTests:62 - ******************* Test ended: successfulLogin*******************
[logsAndroid_Pixel_7_Pro_API_31 DEBUG] 2023-10-11 16:25:12.297 LoginTests:63 - ---------------------------------------------------
[logsAndroid_Pixel_7_Pro_API_31 DEBUG] 2023-10-11 16:25:13.797 HomeTests:59 - ---------------------------------------------------
[logsAndroid_Pixel_7_Pro_API_31 DEBUG] 2023-10-11 16:25:13.797 HomeTests:60 - ******************* Test started: validateProductCardScrollOnHomePage*******************
[logsAndroid_Pixel_7_Pro_API_31 INFO ] 2023-10-11 16:25:15.338 BasePage:106 - Popup Close Icon is clicked
[logsAndroid_Pixel_7_Pro_API_31 DEBUG] 2023-10-11 16:25:20.719 HomeTests:69 - ******************* Test ended: validateProductCardScrollOnHomePage*******************
[logsAndroid_Pixel_7_Pro_API_31 DEBUG] 2023-10-11 16:25:20.721 HomeTests:70 - ---------------------------------------------------
[logsAndroid_Pixel_7_Pro_API_31 DEBUG] 2023-10-11 16:25:21.204 BaseTest:170 - Appium Server stopped.............
[logsAndroid_Pixel_7_Pro_API_31 DEBUG] 2023-10-11 16:33:36.487 BaseTest:98 - Log file path: logs\Android_Pixel_7_Pro_API_31
[logsAndroid_Pixel_7_Pro_API_31 DEBUG] 2023-10-11 16:33:45.631 BaseTest:129 - sessionId: 8e2f553a-a410-4c6c-b92b-5514505c2c03
[logsAndroid_Pixel_7_Pro_API_31 DEBUG] 2023-10-11 16:33:46.324 LoginTests:53 - ---------------------------------------------------
[logsAndroid_Pixel_7_Pro_API_31 DEBUG] 2023-10-11 16:33:46.324 LoginTests:54 - ******************* Test started: invalidPassword*******************
[logsAndroid_Pixel_7_Pro_API_31 INFO ] 2023-10-11 16:34:08.922 BasePage:129 - Filling standard_user in Username Textbox
[logsAndroid_Pixel_7_Pro_API_31 INFO ] 2023-10-11 16:34:08.982 BasePage:113 - Clearing: Username Textbox
[logsAndroid_Pixel_7_Pro_API_31 INFO ] 2023-10-11 16:34:10.917 BasePage:129 - Filling invalidpassword in Password Textbox
[logsAndroid_Pixel_7_Pro_API_31 INFO ] 2023-10-11 16:34:10.979 BasePage:113 - Clearing: Password Textbox
[logsAndroid_Pixel_7_Pro_API_31 INFO ] 2023-10-11 16:34:12.929 BasePage:106 - Login button is clicked
[logsAndroid_Pixel_7_Pro_API_31 DEBUG] 2023-10-11 16:34:43.857 LoginTests:62 - ******************* Test ended: invalidPassword*******************
[logsAndroid_Pixel_7_Pro_API_31 DEBUG] 2023-10-11 16:34:43.858 LoginTests:63 - ---------------------------------------------------
[logsAndroid_Pixel_7_Pro_API_31 DEBUG] 2023-10-11 16:34:45.130 LoginTests:53 - ---------------------------------------------------
[logsAndroid_Pixel_7_Pro_API_31 DEBUG] 2023-10-11 16:34:45.131 LoginTests:54 - ******************* Test started: invalidPassword*******************
[logsAndroid_Pixel_7_Pro_API_31 DEBUG] 2023-10-11 17:19:45.006 BaseTest:106 - Log file path: logs\Android_Pixel_7_Pro_API_31
[logsAndroid_Pixel_7_Pro_API_31 DEBUG] 2023-10-11 17:19:57.659 BaseTest:136 - sessionId: a318c45a-f4ce-4a2c-a561-0c7648859491
[logsAndroid_Pixel_7_Pro_API_31 DEBUG] 2023-10-11 17:19:58.420 LoginTests:53 - ---------------------------------------------------
[logsAndroid_Pixel_7_Pro_API_31 DEBUG] 2023-10-11 17:19:58.421 LoginTests:54 - ******************* Test started: successfulLogin*******************
[logsAndroid_Pixel_7_Pro_API_31 INFO ] 2023-10-11 17:20:05.318 BasePage:106 - Login with email is clicked
[logsAndroid_Pixel_7_Pro_API_31 INFO ] 2023-10-11 17:20:06.435 BasePage:129 - Filling testi246.testi246@gmail.com in Username Textbox
[logsAndroid_Pixel_7_Pro_API_31 INFO ] 2023-10-11 17:20:06.507 BasePage:113 - Clearing: Username Textbox
[logsAndroid_Pixel_7_Pro_API_31 INFO ] 2023-10-11 17:20:08.475 BasePage:129 - Filling tT246246! in Password Textbox
[logsAndroid_Pixel_7_Pro_API_31 INFO ] 2023-10-11 17:20:08.557 BasePage:113 - Clearing: Password Textbox
[logsAndroid_Pixel_7_Pro_API_31 INFO ] 2023-10-11 17:20:10.687 BasePage:106 - Login button is clicked
[logsAndroid_Pixel_7_Pro_API_31 DEBUG] 2023-10-11 17:20:10.796 LoginTests:62 - ******************* Test ended: successfulLogin*******************
[logsAndroid_Pixel_7_Pro_API_31 DEBUG] 2023-10-11 17:20:10.796 LoginTests:63 - ---------------------------------------------------
[logsAndroid_Pixel_7_Pro_API_31 DEBUG] 2023-10-11 17:20:12.281 HomeTests:59 - ---------------------------------------------------
[logsAndroid_Pixel_7_Pro_API_31 DEBUG] 2023-10-11 17:20:12.282 HomeTests:60 - ******************* Test started: validateProductCardScrollOnHomePage*******************
[logsAndroid_Pixel_7_Pro_API_31 INFO ] 2023-10-11 17:20:14.784 BasePage:106 - Popup Close Icon is clicked
[logsAndroid_Pixel_7_Pro_API_31 DEBUG] 2023-10-11 21:54:16.052 BaseTest:106 - Log file path: logs\Android_Pixel_7_Pro_API_31
[logsAndroid_Pixel_7_Pro_API_31 DEBUG] 2023-10-11 21:55:24.183 BaseTest:135 - sessionId: aee554a8-7786-49ce-875d-4894ca85df5e
[logsAndroid_Pixel_7_Pro_API_31 DEBUG] 2023-10-11 21:55:25.771 LoginTests:53 - ---------------------------------------------------
[logsAndroid_Pixel_7_Pro_API_31 DEBUG] 2023-10-11 21:55:25.773 LoginTests:54 - ******************* Test started: successfulLogin*******************
[logsAndroid_Pixel_7_Pro_API_31 INFO ] 2023-10-11 21:55:40.052 BasePage:106 - Login with email is clicked
[logsAndroid_Pixel_7_Pro_API_31 INFO ] 2023-10-11 21:55:43.616 BasePage:129 - Filling testi246.testi246@gmail.com in Username Textbox
[logsAndroid_Pixel_7_Pro_API_31 INFO ] 2023-10-11 21:55:43.804 BasePage:113 - Clearing: Username Textbox
[logsAndroid_Pixel_7_Pro_API_31 INFO ] 2023-10-11 21:55:46.752 BasePage:129 - Filling tT246246! in Password Textbox
[logsAndroid_Pixel_7_Pro_API_31 INFO ] 2023-10-11 21:55:46.855 BasePage:113 - Clearing: Password Textbox
[logsAndroid_Pixel_7_Pro_API_31 DEBUG] 2023-10-11 21:56:20.019 LoginTests:62 - ******************* Test ended: successfulLogin*******************
[logsAndroid_Pixel_7_Pro_API_31 DEBUG] 2023-10-11 21:56:20.019 LoginTests:63 - ---------------------------------------------------
[logsAndroid_Pixel_7_Pro_API_31 DEBUG] 2023-10-11 21:56:21.373 LoginTests:53 - ---------------------------------------------------
[logsAndroid_Pixel_7_Pro_API_31 DEBUG] 2023-10-11 21:56:21.374 LoginTests:54 - ******************* Test started: successfulLogin*******************
[logsAndroid_Pixel_7_Pro_API_31 DEBUG] 2023-10-11 21:56:51.805 LoginTests:62 - ******************* Test ended: successfulLogin*******************
[logsAndroid_Pixel_7_Pro_API_31 DEBUG] 2023-10-11 21:56:51.806 LoginTests:63 - ---------------------------------------------------
[logsAndroid_Pixel_7_Pro_API_31 DEBUG] 2023-10-11 21:56:53.059 HomeTests:42 - ---------------------------------------------------
[logsAndroid_Pixel_7_Pro_API_31 DEBUG] 2023-10-11 21:56:53.059 HomeTests:43 - ******************* Test started: validateProductCardScrollOnHomePage*******************
[logsAndroid_Pixel_7_Pro_API_31 INFO ] 2023-10-11 21:56:55.436 BasePage:106 - Popup Close Icon is clicked
[logsAndroid_Pixel_7_Pro_API_31 DEBUG] 2023-10-11 21:57:26.890 HomeTests:52 - ******************* Test ended: validateProductCardScrollOnHomePage*******************
[logsAndroid_Pixel_7_Pro_API_31 DEBUG] 2023-10-11 21:57:26.890 HomeTests:53 - ---------------------------------------------------
[logsAndroid_Pixel_7_Pro_API_31 DEBUG] 2023-10-11 21:57:28.068 HomeTests:42 - ---------------------------------------------------
[logsAndroid_Pixel_7_Pro_API_31 DEBUG] 2023-10-11 21:57:28.068 HomeTests:43 - ******************* Test started: validateProductCardScrollOnHomePage*******************
[logsAndroid_Pixel_7_Pro_API_31 INFO ] 2023-10-11 21:57:30.565 BasePage:106 - Popup Close Icon is clicked
[logsAndroid_Pixel_7_Pro_API_31 DEBUG] 2023-10-11 21:58:01.313 HomeTests:52 - ******************* Test ended: validateProductCardScrollOnHomePage*******************
[logsAndroid_Pixel_7_Pro_API_31 DEBUG] 2023-10-11 21:58:01.314 HomeTests:53 - ---------------------------------------------------
[logsAndroid_Pixel_7_Pro_API_31 DEBUG] 2023-10-11 21:58:02.629 BaseTest:176 - Appium Server stopped.............
[logsAndroid_Pixel_7_Pro_API_31 DEBUG] 2023-10-11 22:16:19.505 BaseTest:106 - Log file path: logs\Android_Pixel_7_Pro_API_31
[logsAndroid_Pixel_7_Pro_API_31 DEBUG] 2023-10-11 22:16:30.767 BaseTest:135 - sessionId: 098dd99e-cabc-4314-8e73-1d0364bd61ad
[logsAndroid_Pixel_7_Pro_API_31 DEBUG] 2023-10-11 22:16:31.537 LoginTests:53 - ---------------------------------------------------
[logsAndroid_Pixel_7_Pro_API_31 DEBUG] 2023-10-11 22:16:31.537 LoginTests:54 - ******************* Test started: successfulLogin*******************
[logsAndroid_Pixel_7_Pro_API_31 INFO ] 2023-10-11 22:16:38.262 BasePage:106 - Login with email is clicked
[logsAndroid_Pixel_7_Pro_API_31 INFO ] 2023-10-11 22:16:39.974 BasePage:129 - Filling testi246.testi246@gmail.com in Username Textbox
[logsAndroid_Pixel_7_Pro_API_31 INFO ] 2023-10-11 22:16:40.056 BasePage:113 - Clearing: Username Textbox
[logsAndroid_Pixel_7_Pro_API_31 INFO ] 2023-10-11 22:16:42.025 BasePage:129 - Filling tT246246! in Password Textbox
[logsAndroid_Pixel_7_Pro_API_31 INFO ] 2023-10-11 22:16:42.103 BasePage:113 - Clearing: Password Textbox
[logsAndroid_Pixel_7_Pro_API_31 INFO ] 2023-10-11 22:16:44.044 BasePage:106 - Login button is clicked
[logsAndroid_Pixel_7_Pro_API_31 DEBUG] 2023-10-11 22:16:44.186 LoginTests:62 - ******************* Test ended: successfulLogin*******************
[logsAndroid_Pixel_7_Pro_API_31 DEBUG] 2023-10-11 22:16:44.187 LoginTests:63 - ---------------------------------------------------
[logsAndroid_Pixel_7_Pro_API_31 DEBUG] 2023-10-11 22:16:45.657 HomeTests:42 - ---------------------------------------------------
[logsAndroid_Pixel_7_Pro_API_31 DEBUG] 2023-10-11 22:16:45.657 HomeTests:43 - ******************* Test started: validateProductCardScrollOnHomePage*******************
[logsAndroid_Pixel_7_Pro_API_31 INFO ] 2023-10-11 22:16:48.226 BasePage:106 - Popup Close Icon is clicked
[logsAndroid_Pixel_7_Pro_API_31 INFO ] 2023-10-11 22:17:01.434 BasePage:228 - scrolling the element to the right Sucessfully
[logsAndroid_Pixel_7_Pro_API_31 DEBUG] 2023-10-11 22:17:02.038 HomeTests:52 - ******************* Test ended: validateProductCardScrollOnHomePage*******************
[logsAndroid_Pixel_7_Pro_API_31 DEBUG] 2023-10-11 22:17:02.039 HomeTests:53 - ---------------------------------------------------
[logsAndroid_Pixel_7_Pro_API_31 DEBUG] 2023-10-11 22:17:02.766 BaseTest:176 - Appium Server stopped.............
